# JRE version: Java(TM) SE Runtime Environment (8.0_291-b10) (build 1.8.0_291-b10)
# Java VM: Java HotSpot(TM) Client VM (25.291-b10 mixed mode windows-x86 )
Heap:
 def new generation   total 4928K, used 2973K [0x04a00000, 0x04f50000, 0x09f50000)
  eden space 4416K,  61% used [0x04a00000, 0x04caae60, 0x04e50000)
  from space 512K,  47% used [0x04ed0000, 0x04f0c698, 0x04f50000)
  to   space 512K,   0% used [0x04e50000, 0x04e50000, 0x04ed0000)
 tenured generation   total 10944K, used 1696K [0x09f50000, 0x0aa00000, 0x14a00000)
   the space 10944K,  15% used [0x09f50000, 0x0a0f82a8, 0x0a0f8400, 0x0aa00000)
 Metaspace       used 4210K, capacity 4236K, committed 4288K, reserved 4480K
GC Heap History (10 events):
Event: 0.573 GC heap before
{Heap before GC invocations=2 (full 0):
 def new generation   total 4928K, used 4135K [0x04a00000, 0x04f50000, 0x09f50000)
  eden space 4416K,  90% used [0x04a00000, 0x04de4c78, 0x04e50000)
  from space 512K,  29% used [0x04e50000, 0x04e752d8, 0x04ed0000)
  to   space 512K,   0% used [0x04ed0000, 0x04ed0000, 0x04f50000)
 tenured generation   total 10944K, used 1000K [0x09f50000, 0x0aa00000, 0x14a00000)
   the space 10944K,   9% used [0x09f50000, 0x0a04a3f8, 0x0a04a400, 0x0aa00000)
 Metaspace       used 2798K, capacity 2828K, committed 2880K, reserved 4480K
Event: 0.575 GC heap after
Heap after GC invocations=3 (full 0):
 def new generation   total 4928K, used 297K [0x04a00000, 0x04f50000, 0x09f50000)
  eden space 4416K,   0% used [0x04a00000, 0x04a00000, 0x04e50000)
  from space 512K,  58% used [0x04ed0000, 0x04f1a7b0, 0x04f50000)
  to   space 512K,   0% used [0x04e50000, 0x04e50000, 0x04ed0000)
 tenured generation   total 10944K, used 1512K [0x09f50000, 0x0aa00000, 0x14a00000)
   the space 10944K,  13% used [0x09f50000, 0x0a0ca008, 0x0a0ca200, 0x0aa00000)
 Metaspace       used 2798K, capacity 2828K, committed 2880K, reserved 4480K
}
Event: 0.668 GC heap before
{Heap before GC invocations=3 (full 0):
 def new generation   total 4928K, used 4713K [0x04a00000, 0x04f50000, 0x09f50000)
  eden space 4416K, 100% used [0x04a00000, 0x04e50000, 0x04e50000)
  from space 512K,  58% used [0x04ed0000, 0x04f1a7b0, 0x04f50000)
  to   space 512K,   0% used [0x04e50000, 0x04e50000, 0x04ed0000)
 tenured generation   total 10944K, used 1512K [0x09f50000, 0x0aa00000, 0x14a00000)
   the space 10944K,  13% used [0x09f50000, 0x0a0ca008, 0x0a0ca200, 0x0aa00000)
 Metaspace       used 3735K, capacity 3756K, committed 3776K, reserved 4480K
Event: 0.670 GC heap after
Heap after GC invocations=4 (full 0):
 def new generation   total 4928K, used 90K [0x04a00000, 0x04f50000, 0x09f50000)
  eden space 4416K,   0% used [0x04a00000, 0x04a00000, 0x04e50000)
  from space 512K,  17% used [0x04e50000, 0x04e66b50, 0x04ed0000)
  to   space 512K,   0% used [0x04ed0000, 0x04ed0000, 0x04f50000)
 tenured generation   total 10944K, used 1635K [0x09f50000, 0x0aa00000, 0x14a00000)
   the space 10944K,  14% used [0x09f50000, 0x0a0e8e60, 0x0a0e9000, 0x0aa00000)
 Metaspace       used 3735K, capacity 3756K, committed 3776K, reserved 4480K
}
Event: 0.785 GC heap before
{Heap before GC invocations=4 (full 0):
 def new generation   total 4928K, used 4506K [0x04a00000, 0x04f50000, 0x09f50000)
  eden space 4416K, 100% used [0x04a00000, 0x04e50000, 0x04e50000)
  from space 512K,  17% used [0x04e50000, 0x04e66b50, 0x04ed0000)
  to   space 512K,   0% used [0x04ed0000, 0x04ed0000, 0x04f50000)
 tenured generation   total 10944K, used 1635K [0x09f50000, 0x0aa00000, 0x14a00000)
   the space 10944K,  14% used [0x09f50000, 0x0a0e8e60, 0x0a0e9000, 0x0aa00000)
 Metaspace       used 3972K, capacity 4012K, committed 4032K, reserved 4480K
Event: 0.787 GC heap after
Heap after GC invocations=5 (full 0):
 def new generation   total 4928K, used 311K [0x04a00000, 0x04f50000, 0x09f50000)
  eden space 4416K,   0% used [0x04a00000, 0x04a00000, 0x04e50000)
  from space 512K,  60% used [0x04ed0000, 0x04f1df18, 0x04f50000)
  to   space 512K,   0% used [0x04e50000, 0x04e50000, 0x04ed0000)
 tenured generation   total 10944K, used 1635K [0x09f50000, 0x0aa00000, 0x14a00000)
   the space 10944K,  14% used [0x09f50000, 0x0a0e8e60, 0x0a0e9000, 0x0aa00000)
 Metaspace       used 3972K, capacity 4012K, committed 4032K, reserved 4480K
}
Event: 0.945 GC heap before
{Heap before GC invocations=5 (full 0):
 def new generation   total 4928K, used 4727K [0x04a00000, 0x04f50000, 0x09f50000)
  eden space 4416K, 100% used [0x04a00000, 0x04e50000, 0x04e50000)
  from space 512K,  60% used [0x04ed0000, 0x04f1df18, 0x04f50000)
  to   space 512K,   0% used [0x04e50000, 0x04e50000, 0x04ed0000)
 tenured generation   total 10944K, used 1635K [0x09f50000, 0x0aa00000, 0x14a00000)
   the space 10944K,  14% used [0x09f50000, 0x0a0e8e60, 0x0a0e9000, 0x0aa00000)
 Metaspace       used 4050K, capacity 4076K, committed 4160K, reserved 4480K
Event: 0.947 GC heap after
Heap after GC invocations=6 (full 0):
 def new generation   total 4928K, used 161K [0x04a00000, 0x04f50000, 0x09f50000)
  eden space 4416K,   0% used [0x04a00000, 0x04a00000, 0x04e50000)
  from space 512K,  31% used [0x04e50000, 0x04e787d8, 0x04ed0000)
  to   space 512K,   0% used [0x04ed0000, 0x04ed0000, 0x04f50000)
 tenured generation   total 10944K, used 1696K [0x09f50000, 0x0aa00000, 0x14a00000)
   the space 10944K,  15% used [0x09f50000, 0x0a0f82a8, 0x0a0f8400, 0x0aa00000)
 Metaspace       used 4050K, capacity 4076K, committed 4160K, reserved 4480K
}
Event: 1.110 GC heap before
{Heap before GC invocations=6 (full 0):
 def new generation   total 4928K, used 4577K [0x04a00000, 0x04f50000, 0x09f50000)
  eden space 4416K, 100% used [0x04a00000, 0x04e50000, 0x04e50000)
  from space 512K,  31% used [0x04e50000, 0x04e787d8, 0x04ed0000)
  to   space 512K,   0% used [0x04ed0000, 0x04ed0000, 0x04f50000)
 tenured generation   total 10944K, used 1696K [0x09f50000, 0x0aa00000, 0x14a00000)
   the space 10944K,  15% used [0x09f50000, 0x0a0f82a8, 0x0a0f8400, 0x0aa00000)
 Metaspace       used 4200K, capacity 4236K, committed 4288K, reserved 4480K
Event: 1.111 GC heap after
Heap after GC invocations=7 (full 0):
 def new generation   total 4928K, used 241K [0x04a00000, 0x04f50000, 0x09f50000)
  eden space 4416K,   0% used [0x04a00000, 0x04a00000, 0x04e50000)
  from space 512K,  47% used [0x04ed0000, 0x04f0c698, 0x04f50000)
  to   space 512K,   0% used [0x04e50000, 0x04e50000, 0x04ed0000)
 tenured generation   total 10944K, used 1696K [0x09f50000, 0x0aa00000, 0x14a00000)
   the space 10944K,  15% used [0x09f50000, 0x0a0f82a8, 0x0a0f8400, 0x0aa00000)
 Metaspace       used 4200K, capacity 4236K, committed 4288K, reserved 4480K
}

