# JRE version: Java(TM) SE Runtime Environment (8.0_291-b10) (build 1.8.0_291-b10)
# Java VM: Java HotSpot(TM) Client VM (25.291-b10 mixed mode windows-x86 )
Heap:
 def new generation   total 4928K, used 2889K [0x04c00000, 0x05150000, 0x0a150000)
  eden space 4416K,  61% used [0x04c00000, 0x04eab528, 0x05050000)
  from space 512K,  30% used [0x05050000, 0x05077000, 0x050d0000)
  to   space 512K,   0% used [0x050d0000, 0x050d0000, 0x05150000)
 tenured generation   total 10944K, used 1933K [0x0a150000, 0x0ac00000, 0x14c00000)
   the space 10944K,  17% used [0x0a150000, 0x0a3334d0, 0x0a333600, 0x0ac00000)
 Metaspace       used 4323K, capacity 4364K, committed 4416K, reserved 4480K
GC Heap History (10 events):
Event: 1.437 GC heap before
{Heap before GC invocations=3 (full 0):
 def new generation   total 4928K, used 4865K [0x04c00000, 0x05150000, 0x0a150000)
  eden space 4416K,  99% used [0x04c00000, 0x0504e560, 0x05050000)
  from space 512K,  89% used [0x050d0000, 0x05142240, 0x05150000)
  to   space 512K,   0% used [0x05050000, 0x05050000, 0x050d0000)
 tenured generation   total 10944K, used 1105K [0x0a150000, 0x0ac00000, 0x14c00000)
   the space 10944K,  10% used [0x0a150000, 0x0a264738, 0x0a264800, 0x0ac00000)
 Metaspace       used 2912K, capacity 2924K, committed 3008K, reserved 4480K
Event: 1.439 GC heap after
Heap after GC invocations=4 (full 0):
 def new generation   total 4928K, used 213K [0x04c00000, 0x05150000, 0x0a150000)
  eden space 4416K,   0% used [0x04c00000, 0x04c00000, 0x05050000)
  from space 512K,  41% used [0x05050000, 0x050857b8, 0x050d0000)
  to   space 512K,   0% used [0x050d0000, 0x050d0000, 0x05150000)
 tenured generation   total 10944K, used 1792K [0x0a150000, 0x0ac00000, 0x14c00000)
   the space 10944K,  16% used [0x0a150000, 0x0a3102c0, 0x0a310400, 0x0ac00000)
 Metaspace       used 2912K, capacity 2924K, committed 3008K, reserved 4480K
}
Event: 1.578 GC heap before
{Heap before GC invocations=4 (full 0):
 def new generation   total 4928K, used 4629K [0x04c00000, 0x05150000, 0x0a150000)
  eden space 4416K, 100% used [0x04c00000, 0x05050000, 0x05050000)
  from space 512K,  41% used [0x05050000, 0x050857b8, 0x050d0000)
  to   space 512K,   0% used [0x050d0000, 0x050d0000, 0x05150000)
 tenured generation   total 10944K, used 1792K [0x0a150000, 0x0ac00000, 0x14c00000)
   the space 10944K,  16% used [0x0a150000, 0x0a3102c0, 0x0a310400, 0x0ac00000)
 Metaspace       used 3849K, capacity 3884K, committed 3904K, reserved 4480K
Event: 1.579 GC heap after
Heap after GC invocations=5 (full 0):
 def new generation   total 4928K, used 105K [0x04c00000, 0x05150000, 0x0a150000)
  eden space 4416K,   0% used [0x04c00000, 0x04c00000, 0x05050000)
  from space 512K,  20% used [0x050d0000, 0x050ea508, 0x05150000)
  to   space 512K,   0% used [0x05050000, 0x05050000, 0x050d0000)
 tenured generation   total 10944K, used 1792K [0x0a150000, 0x0ac00000, 0x14c00000)
   the space 10944K,  16% used [0x0a150000, 0x0a3102c0, 0x0a310400, 0x0ac00000)
 Metaspace       used 3849K, capacity 3884K, committed 3904K, reserved 4480K
}
Event: 1.806 GC heap before
{Heap before GC invocations=5 (full 0):
 def new generation   total 4928K, used 4521K [0x04c00000, 0x05150000, 0x0a150000)
  eden space 4416K, 100% used [0x04c00000, 0x05050000, 0x05050000)
  from space 512K,  20% used [0x050d0000, 0x050ea508, 0x05150000)
  to   space 512K,   0% used [0x05050000, 0x05050000, 0x050d0000)
 tenured generation   total 10944K, used 1792K [0x0a150000, 0x0ac00000, 0x14c00000)
   the space 10944K,  16% used [0x0a150000, 0x0a3102c0, 0x0a310400, 0x0ac00000)
 Metaspace       used 4108K, capacity 4140K, committed 4160K, reserved 4480K
Event: 1.808 GC heap after
Heap after GC invocations=6 (full 0):
 def new generation   total 4928K, used 352K [0x04c00000, 0x05150000, 0x0a150000)
  eden space 4416K,   0% used [0x04c00000, 0x04c00000, 0x05050000)
  from space 512K,  68% used [0x05050000, 0x050a82f0, 0x050d0000)
  to   space 512K,   0% used [0x050d0000, 0x050d0000, 0x05150000)
 tenured generation   total 10944K, used 1792K [0x0a150000, 0x0ac00000, 0x14c00000)
   the space 10944K,  16% used [0x0a150000, 0x0a3102c0, 0x0a310400, 0x0ac00000)
 Metaspace       used 4108K, capacity 4140K, committed 4160K, reserved 4480K
}
Event: 2.052 GC heap before
{Heap before GC invocations=6 (full 0):
 def new generation   total 4928K, used 4768K [0x04c00000, 0x05150000, 0x0a150000)
  eden space 4416K, 100% used [0x04c00000, 0x05050000, 0x05050000)
  from space 512K,  68% used [0x05050000, 0x050a82f0, 0x050d0000)
  to   space 512K,   0% used [0x050d0000, 0x050d0000, 0x05150000)
 tenured generation   total 10944K, used 1792K [0x0a150000, 0x0ac00000, 0x14c00000)
   the space 10944K,  16% used [0x0a150000, 0x0a3102c0, 0x0a310400, 0x0ac00000)
 Metaspace       used 4164K, capacity 4204K, committed 4288K, reserved 4480K
Event: 2.056 GC heap after
Heap after GC invocations=7 (full 0):
 def new generation   total 4928K, used 81K [0x04c00000, 0x05150000, 0x0a150000)
  eden space 4416K,   0% used [0x04c00000, 0x04c00000, 0x05050000)
  from space 512K,  15% used [0x050d0000, 0x050e44e8, 0x05150000)
  to   space 512K,   0% used [0x05050000, 0x05050000, 0x050d0000)
 tenured generation   total 10944K, used 1933K [0x0a150000, 0x0ac00000, 0x14c00000)
   the space 10944K,  17% used [0x0a150000, 0x0a3334d0, 0x0a333600, 0x0ac00000)
 Metaspace       used 4164K, capacity 4204K, committed 4288K, reserved 4480K
}
Event: 2.256 GC heap before
{Heap before GC invocations=7 (full 0):
 def new generation   total 4928K, used 4497K [0x04c00000, 0x05150000, 0x0a150000)
  eden space 4416K, 100% used [0x04c00000, 0x05050000, 0x05050000)
  from space 512K,  15% used [0x050d0000, 0x050e44e8, 0x05150000)
  to   space 512K,   0% used [0x05050000, 0x05050000, 0x050d0000)
 tenured generation   total 10944K, used 1933K [0x0a150000, 0x0ac00000, 0x14c00000)
   the space 10944K,  17% used [0x0a150000, 0x0a3334d0, 0x0a333600, 0x0ac00000)
 Metaspace       used 4314K, capacity 4364K, committed 4416K, reserved 4480K
Event: 2.257 GC heap after
Heap after GC invocations=8 (full 0):
 def new generation   total 4928K, used 156K [0x04c00000, 0x05150000, 0x0a150000)
  eden space 4416K,   0% used [0x04c00000, 0x04c00000, 0x05050000)
  from space 512K,  30% used [0x05050000, 0x05077000, 0x050d0000)
  to   space 512K,   0% used [0x050d0000, 0x050d0000, 0x05150000)
 tenured generation   total 10944K, used 1933K [0x0a150000, 0x0ac00000, 0x14c00000)
   the space 10944K,  17% used [0x0a150000, 0x0a3334d0, 0x0a333600, 0x0ac00000)
 Metaspace       used 4314K, capacity 4364K, committed 4416K, reserved 4480K
}

